<?xml version="1.0" encoding="UTF-8"?>
<!-- Generated by org.testng.reporters.JUnitReportReporter -->
<testsuite hostname="SCL632" failures="0" tests="1" name="org.Toyota.TestCaseScripts.CardHolder" time="54.972" errors="0" timestamp="11 Oct 2023 11:01:59 GMT">
  <testcase classname="org.Toyota.TestCaseScripts.CardHolder" name="badgeAdminLogin" time="54.972"/>
</testsuite> <!-- org.Toyota.TestCaseScripts.CardHolder -->
