<?xml version="1.0" encoding="UTF-8"?>
<!-- Generated by org.testng.reporters.JUnitReportReporter -->
<testsuite hostname="SCL632" failures="0" tests="1" name="org.testing.TestScripts.CardHolder" time="40.110" errors="0" timestamp="10 Oct 2023 05:23:21 GMT">
  <testcase classname="org.testing.TestScripts.CardHolder" name="tc1Method" time="40.110"/>
</testsuite> <!-- org.testing.TestScripts.CardHolder -->
