<?xml version="1.0" encoding="UTF-8"?>
<!-- Generated by org.testng.reporters.JUnitReportReporter -->
<testsuite hostname="DESKTOP-CD955F8" name="SeleniumProject.SeleniumProject.SeleniumQuestions" tests="1" failures="0" timestamp="4 May 2023 04:40:33 GMT" time="8.537" errors="0">
  <testcase name="playList" time="8.537" classname="SeleniumProject.SeleniumProject.SeleniumQuestions"/>
</testsuite> <!-- SeleniumProject.SeleniumProject.SeleniumQuestions -->
