<?xml version="1.0" encoding="UTF-8"?>
<!-- Generated by org.testng.reporters.JUnitReportReporter -->
<testsuite hostname="SCL632" failures="0" tests="1" name="org.testing.TestScripts.AE_Toyota" time="34.634" errors="0" timestamp="9 Oct 2023 14:43:17 GMT">
  <testcase classname="org.testing.TestScripts.AE_Toyota" name="tc1Method" time="34.634"/>
</testsuite> <!-- org.testing.TestScripts.AE_Toyota -->
